Unity Editor version:    2020.3.27f1 (e759542391ea)
Branch:                  2020.3/release
Build type:              Release
Batch mode:              YES
macOS version:           Version 11.7.10 (Build 20G1427)
Darwin version:          20.6.0
Architecture:            x86_64
Running under Rosetta:   NO
Available memory:        16384 MB
Using pre-set license
Pro License: NO

COMMAND LINE ARGUMENTS:
/var/folders/j8/drgbm5mj7bs2w3bj187xkyjc0000gw/T/AppTranslocation/B7CB4C5D-5C95-4565-9A1D-221D2832E483/d/Unity.app/Contents/MacOS/Unity
-adb2
-batchMode
-noUpm
-name
AssetImportWorker0
-projectPath
/Users/game56/Menu Screen
-logFile
Logs/AssetImportWorker0.log
-srvPort
58667
Successfully changed project path to: /Users/game56/Menu Screen
/Users/game56/Menu Screen
Using Asset Import Pipeline V2.
Error (Result too large) occured whilst enumerating /var/folders/j8/drgbm5mj7bs2w3bj187xkyjc0000gw/T/AppTranslocation/B7CB4C5D-5C95-4565-9A1D-221D2832E483
Refreshing native plugins compatible for Editor in 37.46 ms, found 3 plugins.
Preloading 0 native plugins for Editor in 0.00 ms.
Initialize engine version: 2020.3.27f1 (e759542391ea)
[Subsystems] Discovering subsystems at path /var/folders/j8/drgbm5mj7bs2w3bj187xkyjc0000gw/T/AppTranslocation/B7CB4C5D-5C95-4565-9A1D-221D2832E483/d/Unity.app/Contents/Resources/UnitySubsystems
[Subsystems] Discovering subsystems at path /Users/game56/Menu Screen/Assets
GfxDevice: creating device client; threaded=0
2024-02-28 13:34:08.922 Unity[27613:1715555] iMac preferred device: AMD Radeon Pro 5500 XT (high power)
2024-02-28 13:34:08.922 Unity[27613:1715555] Metal devices available: 1
2024-02-28 13:34:08.922 Unity[27613:1715555] 0: AMD Radeon Pro 5500 XT (high power)
2024-02-28 13:34:08.922 Unity[27613:1715555] Using device AMD Radeon Pro 5500 XT (high power)
Initializing Metal device caps: AMD Radeon Pro 5500 XT
Initialize mono
Mono path[0] = '/var/folders/j8/drgbm5mj7bs2w3bj187xkyjc0000gw/T/AppTranslocation/B7CB4C5D-5C95-4565-9A1D-221D2832E483/d/Unity.app/Contents/Managed'
Mono path[1] = '/var/folders/j8/drgbm5mj7bs2w3bj187xkyjc0000gw/T/AppTranslocation/B7CB4C5D-5C95-4565-9A1D-221D2832E483/d/Unity.app/Contents/MonoBleedingEdge/lib/mono/unityjit'
Mono config path = '/var/folders/j8/drgbm5mj7bs2w3bj187xkyjc0000gw/T/AppTranslocation/B7CB4C5D-5C95-4565-9A1D-221D2832E483/d/Unity.app/Contents/MonoBleedingEdge/etc'
Using monoOptions --debugger-agent=transport=dt_socket,embedding=1,server=y,suspend=n,address=127.0.0.1:56613
Begin MonoManager ReloadAssembly
Registering precompiled unity dll's ...
Register platform support module: /var/folders/j8/drgbm5mj7bs2w3bj187xkyjc0000gw/T/AppTranslocation/B7CB4C5D-5C95-4565-9A1D-221D2832E483/d/Unity.app/Contents/PlaybackEngines/MacStandaloneSupport/UnityEditor.OSXStandalone.Extensions.dll
Registered in 0.000625 seconds.
Native extension for OSXStandalone target not found
Refreshing native plugins compatible for Editor in 35.93 ms, found 3 plugins.
Preloading 0 native plugins for Editor in 0.00 ms.
Mono: successfully reloaded assembly
- Completed reload, in  0.541 seconds
Domain Reload Profiling:
	ReloadAssembly (541ms)
		BeginReloadAssembly (40ms)
			ExecutionOrderSort (0ms)
			DisableScriptedObjects (0ms)
			BackupInstance (0ms)
			ReleaseScriptingObjects (0ms)
			CreateAndSetChildDomain (1ms)
		EndReloadAssembly (434ms)
			LoadAssemblies (39ms)
			RebuildTransferFunctionScriptingTraits (0ms)
			SetupTypeCache (160ms)
			ReleaseScriptCaches (0ms)
			RebuildScriptCaches (33ms)
			SetupLoadedEditorAssemblies (166ms)
				LogAssemblyErrors (0ms)
				InitializePlatformSupportModulesInManaged (4ms)
				SetLoadedEditorAssemblies (0ms)
				RefreshPlugins (36ms)
				BeforeProcessingInitializeOnLoad (7ms)
				ProcessInitializeOnLoadAttributes (93ms)
				ProcessInitializeOnLoadMethodAttributes (26ms)
				AfterProcessingInitializeOnLoad (0ms)
				EditorAssembliesLoaded (0ms)
			ExecutionOrderSort2 (0ms)
			AwakeInstancesAfterBackupRestoration (0ms)
Platform modules already initialized, skipping
Registering precompiled user dll's ...
Registered in 0.001888 seconds.
Begin MonoManager ReloadAssembly
Native extension for OSXStandalone target not found
Refreshing native plugins compatible for Editor in 34.92 ms, found 3 plugins.
Preloading 0 native plugins for Editor in 0.00 ms.
Mono: successfully reloaded assembly
- Completed reload, in  1.024 seconds
Domain Reload Profiling:
	ReloadAssembly (1025ms)
		BeginReloadAssembly (136ms)
			ExecutionOrderSort (0ms)
			DisableScriptedObjects (4ms)
			BackupInstance (0ms)
			ReleaseScriptingObjects (0ms)
			CreateAndSetChildDomain (25ms)
		EndReloadAssembly (833ms)
			LoadAssemblies (69ms)
			RebuildTransferFunctionScriptingTraits (0ms)
			SetupTypeCache (311ms)
			ReleaseScriptCaches (0ms)
			RebuildScriptCaches (51ms)
			SetupLoadedEditorAssemblies (293ms)
				LogAssemblyErrors (0ms)
				InitializePlatformSupportModulesInManaged (3ms)
				SetLoadedEditorAssemblies (0ms)
				RefreshPlugins (35ms)
				BeforeProcessingInitializeOnLoad (51ms)
				ProcessInitializeOnLoadAttributes (189ms)
				ProcessInitializeOnLoadMethodAttributes (14ms)
				AfterProcessingInitializeOnLoad (2ms)
				EditorAssembliesLoaded (0ms)
			ExecutionOrderSort2 (0ms)
			AwakeInstancesAfterBackupRestoration (6ms)
Platform modules already initialized, skipping
Validating Project structure ... 0.002729 seconds.
Shader import version has changed; will reimport all shaders...
Upgrading shader files ...0.010126 seconds.
Application.AssetDatabase Initial Script Refresh Start
RefreshInfo: InitialScriptRefreshV2(NoUpdateAssetOptions) scanfilter:  ... 1 filters
RefreshProfiler: Total: 0.000ms
Application.AssetDatabase Initial Script Refresh End
Application.AssetDatabase.Refresh Start
Application.AssetDatabase.Refresh End
RefreshInfo: StopAssetImportingV2(ForceSynchronousImport) scanfilter: 
RefreshProfiler: Total: 0.000ms
Launching external process: /var/folders/j8/drgbm5mj7bs2w3bj187xkyjc0000gw/T/AppTranslocation/B7CB4C5D-5C95-4565-9A1D-221D2832E483/d/Unity.app/Contents/Tools/UnityShaderCompiler
Launched and connected shader compiler UnityShaderCompiler after 0.01 seconds
Initializing Unity extensions:
========================================================================
Worker process is ready to serve import requests
Refreshing native plugins compatible for Editor in 0.36 ms, found 3 plugins.
Preloading 0 native plugins for Editor in 0.00 ms.
Unloading 2245 Unused Serialized files (Serialized files now loaded: 0)
System memory in use before: 216.5 MB.
System memory in use after: 215.6 MB.

Unloading 139 unused Assets to reduce memory usage. Loaded Objects now: 2712.
Total: 2.870843 ms (FindLiveObjects: 0.157865 ms CreateObjectMapping: 0.081428 ms MarkObjects: 2.185563 ms  DeleteObjects: 0.445321 ms)

AssetImportParameters requested are different than current active one (requested -> active):
  custom:video-decoder-ogg-theora: a1e56fd34408186e4bbccfd4996cb3dc -> 
  custom:container-muxer-webm: aa71ff27fc2769a1b78a27578f13a17b -> 
  custom:container-demuxer-webm: 4f35f7cbe854078d1ac9338744f61a02 -> 
  custom:container-demuxer-ogg: 62fdf1f143b41e24485cea50d1cbac27 -> 
  custom:video-encoder-webm-vp8: eb34c28f22e8b96e1ab97ce403110664 -> 
  custom:framework-osx-AVFoundation: e770b220cccbd017edd2c1fefb359320 -> 
  custom:video-decoder-webm-vp8: 9c59270c3fd7afecdb556c50c9e8de78 -> 
  custom:audio-decoder-ogg-vorbis: bf7c407c2cedff20999df2af8eb42d56 -> 
  custom:audio-encoder-webm-vorbis: bf7c407c2cedff20999df2af8eb42d56 -> 
========================================================================
Received Import Request.
  path: Assets/2d-underwater-sea-background-environment-battle-arena-mobile-game-generative-ai_742252-13665 (1).avif
  artifactKey: Guid(fa0e819c43a8848abb80e734aebac6d4) Importer(815301076,1909f56bfc062723c751e8b465ee728b)
Start importing Assets/2d-underwater-sea-background-environment-battle-arena-mobile-game-generative-ai_742252-13665 (1).avif using Guid(fa0e819c43a8848abb80e734aebac6d4) Importer(815301076,1909f56bfc062723c751e8b465ee728b)  -> (artifact id: '098764754bb0f525722dc9ff4aae46fb') in 0.568576 seconds 
  Import took 0.573034 seconds .

========================================================================
Received Import Request.
  Time since last request: 213.774953 seconds.
  path: Assets/2d Picture.avif
  artifactKey: Guid(9475ee3e6a8254502b2dda3134ccd336) Importer(815301076,1909f56bfc062723c751e8b465ee728b)
Start importing Assets/2d Picture.avif using Guid(9475ee3e6a8254502b2dda3134ccd336) Importer(815301076,1909f56bfc062723c751e8b465ee728b)  -> (artifact id: '3e3b283f7ddc5d68f3a1659909416e0a') in 0.003264 seconds 
  Import took 0.006214 seconds .

========================================================================
Received Import Request.
  Time since last request: 109.875913 seconds.
  path: Assets/7ccf39171322559119a46f415b03e75c.jpeg
  artifactKey: Guid(8fcd73429019d4d16b0ca9980268ac48) Importer(815301076,1909f56bfc062723c751e8b465ee728b)
Start importing Assets/7ccf39171322559119a46f415b03e75c.jpeg using Guid(8fcd73429019d4d16b0ca9980268ac48) Importer(815301076,1909f56bfc062723c751e8b465ee728b)  -> (artifact id: 'fec59392584dc4031d4dd9ad2715a9c4') in 0.701274 seconds 
  Import took 0.710233 seconds .

========================================================================
Received Import Request.
  Time since last request: 1250.776273 seconds.
  path: Assets/Audio
  artifactKey: Guid(8dcdf42a2fdc94cd2ab720d19e37b0fc) Importer(815301076,1909f56bfc062723c751e8b465ee728b)
Start importing Assets/Audio using Guid(8dcdf42a2fdc94cd2ab720d19e37b0fc) Importer(815301076,1909f56bfc062723c751e8b465ee728b)  -> (artifact id: 'a6b465680c651425b43eb4c9239c88fc') in 0.001531 seconds 
  Import took 0.004109 seconds .

========================================================================
Received Import Request.
  Time since last request: 7.628396 seconds.
  path: Assets/Images
  artifactKey: Guid(35e49c71627c04096bdfbe79a9614e99) Importer(815301076,1909f56bfc062723c751e8b465ee728b)
Start importing Assets/Images using Guid(35e49c71627c04096bdfbe79a9614e99) Importer(815301076,1909f56bfc062723c751e8b465ee728b)  -> (artifact id: '94e14e2499b95b46792296f09c0e706b') in 0.001605 seconds 
  Import took 0.004996 seconds .

========================================================================
Received Import Request.
  Time since last request: 33.199252 seconds.
  path: Assets/Images/Sound-Effect Bubble Sound (blub,blub,blub) (HD).mp3
  artifactKey: Guid(fc5716fe1aac64c92a55fe4b6d7dfca2) Importer(815301076,1909f56bfc062723c751e8b465ee728b)
Start importing Assets/Images/Sound-Effect Bubble Sound (blub,blub,blub) (HD).mp3 using Guid(fc5716fe1aac64c92a55fe4b6d7dfca2) Importer(815301076,1909f56bfc062723c751e8b465ee728b)  -> (artifact id: 'f314fc4f25c41bbdcfbbdafcaedf2a74') in 0.806874 seconds 
  Import took 0.812155 seconds .

========================================================================
Received Import Request.
  Time since last request: 219.708992 seconds.
  path: Assets/Audio/Pop Bubble Sound Effect 2022.mp3
  artifactKey: Guid(3e5ca72cc3a734b31af5e806138dfd8e) Importer(815301076,1909f56bfc062723c751e8b465ee728b)
Start importing Assets/Audio/Pop Bubble Sound Effect 2022.mp3 using Guid(3e5ca72cc3a734b31af5e806138dfd8e) Importer(815301076,1909f56bfc062723c751e8b465ee728b)  -> (artifact id: 'd39af1f792b23b54094c544bcd3e264c') in 0.008282 seconds 
  Import took 0.011143 seconds .

AssetImportWorkerClient::OnTransportError - code=2 error=End of file
